<?xml version="1.0" encoding="UTF-8"?>
<!-- Generated by org.testng.reporters.JUnitReportReporter -->
<testsuite hostname="LTCH-5CD141FRRG" failures="0" tests="1" name="Runner.CucumberRunner" time="30.374" errors="0" timestamp="2024-10-29T12:03:24 IST" skipped="0">
  <testcase classname="Runner.CucumberRunner" name="runScenario" time="30.374"/>
  <system-out/>
</testsuite> <!-- Runner.CucumberRunner -->
